<?xml version="1.0" encoding="UTF-8"?>
<testng-results ignored="0" total="1" passed="1" failed="0" skipped="0">
  <reporter-output>
  </reporter-output>
  <suite started-at="2025-09-10T14:18:24 IST" name="Default suite" finished-at="2025-09-10T14:19:42 IST" duration-ms="78283">
    <groups>
    </groups>
    <test started-at="2025-09-10T14:18:24 IST" name="Default test" finished-at="2025-09-10T14:19:42 IST" duration-ms="78283">
      <class name="tests.EndToEndDemoTest">
        <test-method is-config="true" signature="setup()[pri:0, instance:tests.EndToEndDemoTest@5965d37]" started-at="2025-09-10T14:18:24 IST" name="setup" finished-at="2025-09-10T14:19:18 IST" duration-ms="54534" status="PASS">
          <reporter-output>
          </reporter-output>
        </test-method> <!-- setup -->
        <test-method signature="fullE2ETest()[pri:0, instance:tests.EndToEndDemoTest@5965d37]" started-at="2025-09-10T14:19:19 IST" name="fullE2ETest" description="End-to-End test using only XPath locators" finished-at="2025-09-10T14:19:42 IST" duration-ms="23428" status="PASS">
          <reporter-output>
          </reporter-output>
        </test-method> <!-- fullE2ETest -->
        <test-method is-config="true" signature="teardown()[pri:0, instance:tests.EndToEndDemoTest@5965d37]" started-at="2025-09-10T14:19:42 IST" name="teardown" finished-at="2025-09-10T14:19:42 IST" duration-ms="147" status="PASS">
          <reporter-output>
          </reporter-output>
        </test-method> <!-- teardown -->
      </class> <!-- tests.EndToEndDemoTest -->
    </test> <!-- Default test -->
  </suite> <!-- Default suite -->
</testng-results>
